CRITICAL - 2024-09-25 09:27:04 --> Undefined constant "CodeIgniter\Database\MySQLi\MYSQLI_STORE_RESULT"
#0 /home/ubuntu/stackposts/stackposts_main/vendor/codeigniter4/framework/system/Database/Database.php(56): CodeIgniter\Database\Database->initDriver()
#1 /home/ubuntu/stackposts/stackposts_main/vendor/codeigniter4/framework/system/Database/Config.php(78): CodeIgniter\Database\Database->load()
#2 /home/ubuntu/stackposts/stackposts_main/app/Helpers/Common_helper.php(1421): CodeIgniter\Database\Config::connect()
#3 /home/ubuntu/stackposts/stackposts_main/app/Helpers/Common_helper.php(1345): db_get()
#4 /home/ubuntu/stackposts/stackposts_main/inc/core/Appearance/Filters/beforeFilter.php(32): get_option()
#5 /home/ubuntu/stackposts/stackposts_main/app/Filters/MainFilter.php(50): include_once('...')
#6 /home/ubuntu/stackposts/stackposts_main/vendor/codeigniter4/framework/system/Filters/Filters.php(173): App\Filters\MainFilter->before()
#7 /home/ubuntu/stackposts/stackposts_main/vendor/codeigniter4/framework/system/CodeIgniter.php(393): CodeIgniter\Filters\Filters->run()
#8 /home/ubuntu/stackposts/stackposts_main/vendor/codeigniter4/framework/system/CodeIgniter.php(326): CodeIgniter\CodeIgniter->handleRequest()
#9 /home/ubuntu/stackposts/stackposts_main/index.php(44): CodeIgniter\CodeIgniter->run()
#10 {main}
ERROR - 2024-09-25 09:28:18 --> Error connecting to the database: php_network_getaddresses: getaddrinfo for sp_config_host failed: Temporary failure in name resolution
CRITICAL - 2024-09-25 09:28:18 --> Unable to connect to the database.
Main connection [MySQLi]: php_network_getaddresses: getaddrinfo for sp_config_host failed: Temporary failure in name resolution
#0 /home/ubuntu/stackposts/stackposts_main/vendor/codeigniter4/framework/system/Database/BaseConnection.php(577): CodeIgniter\Database\BaseConnection->initialize()
#1 /home/ubuntu/stackposts/stackposts_main/vendor/codeigniter4/framework/system/Database/BaseBuilder.php(1455): CodeIgniter\Database\BaseConnection->query()
#2 /home/ubuntu/stackposts/stackposts_main/app/Helpers/Common_helper.php(1441): CodeIgniter\Database\BaseBuilder->get()
#3 /home/ubuntu/stackposts/stackposts_main/app/Helpers/Common_helper.php(1345): db_get()
#4 /home/ubuntu/stackposts/stackposts_main/inc/core/Appearance/Filters/beforeFilter.php(32): get_option()
#5 /home/ubuntu/stackposts/stackposts_main/app/Filters/MainFilter.php(50): include_once('...')
#6 /home/ubuntu/stackposts/stackposts_main/vendor/codeigniter4/framework/system/Filters/Filters.php(173): App\Filters\MainFilter->before()
#7 /home/ubuntu/stackposts/stackposts_main/vendor/codeigniter4/framework/system/CodeIgniter.php(393): CodeIgniter\Filters\Filters->run()
#8 /home/ubuntu/stackposts/stackposts_main/vendor/codeigniter4/framework/system/CodeIgniter.php(326): CodeIgniter\CodeIgniter->handleRequest()
#9 /home/ubuntu/stackposts/stackposts_main/index.php(44): CodeIgniter\CodeIgniter->run()
#10 {main}
ERROR - 2024-09-25 09:30:27 --> Error connecting to the database: No such file or directory
CRITICAL - 2024-09-25 09:30:27 --> Unable to connect to the database.
Main connection [MySQLi]: No such file or directory
#0 /home/ubuntu/stackposts/stackposts_main/vendor/codeigniter4/framework/system/Database/BaseConnection.php(577): CodeIgniter\Database\BaseConnection->initialize()
#1 /home/ubuntu/stackposts/stackposts_main/vendor/codeigniter4/framework/system/Database/BaseBuilder.php(1455): CodeIgniter\Database\BaseConnection->query()
#2 /home/ubuntu/stackposts/stackposts_main/app/Helpers/Common_helper.php(1441): CodeIgniter\Database\BaseBuilder->get()
#3 /home/ubuntu/stackposts/stackposts_main/app/Helpers/Common_helper.php(1345): db_get()
#4 /home/ubuntu/stackposts/stackposts_main/inc/core/Appearance/Filters/beforeFilter.php(32): get_option()
#5 /home/ubuntu/stackposts/stackposts_main/app/Filters/MainFilter.php(50): include_once('...')
#6 /home/ubuntu/stackposts/stackposts_main/vendor/codeigniter4/framework/system/Filters/Filters.php(173): App\Filters\MainFilter->before()
#7 /home/ubuntu/stackposts/stackposts_main/vendor/codeigniter4/framework/system/CodeIgniter.php(393): CodeIgniter\Filters\Filters->run()
#8 /home/ubuntu/stackposts/stackposts_main/vendor/codeigniter4/framework/system/CodeIgniter.php(326): CodeIgniter\CodeIgniter->handleRequest()
#9 /home/ubuntu/stackposts/stackposts_main/index.php(44): CodeIgniter\CodeIgniter->run()
#10 {main}
ERROR - 2024-09-25 09:41:22 --> Error connecting to the database: pg_connect(): Unable to connect to PostgreSQL server: connection to server at &quot;devinapps-backend-prod.cluster-clussqewa0rh.us-west-2.rds.amazonaws.com&quot; (64:ff9b::3646:d073), port 3306 failed: Connection timed out
	Is the server running on that host and accepting TCP/IP connections?
connection to server at &quot;devinapps-backend-prod.cluster-clussqewa0rh.us-west-2.rds.amazonaws.com&quot; (54.70.208.115), port 3306 failed: Connection timed out
	Is the server running on that host and accepting TCP/IP connections?
CRITICAL - 2024-09-25 09:41:22 --> Unable to connect to the database.
Main connection [Postgre]: pg_connect(): Unable to connect to PostgreSQL server: connection to server at &quot;devinapps-backend-prod.cluster-clussqewa0rh.us-west-2.rds.amazonaws.com&quot; (64:ff9b::3646:d073), port 3306 failed: Connection timed out
	Is the server running on that host and accepting TCP/IP connections?
connection to server at &quot;devinapps-backend-prod.cluster-clussqewa0rh.us-west-2.rds.amazonaws.com&quot; (54.70.208.115), port 3306 failed: Connection timed out
	Is the server running on that host and accepting TCP/IP connections?
#0 /home/ubuntu/stackposts/stackposts_main/vendor/codeigniter4/framework/system/Database/BaseConnection.php(577): CodeIgniter\Database\BaseConnection->initialize()
#1 /home/ubuntu/stackposts/stackposts_main/vendor/codeigniter4/framework/system/Database/BaseBuilder.php(1455): CodeIgniter\Database\BaseConnection->query()
#2 /home/ubuntu/stackposts/stackposts_main/app/Helpers/Common_helper.php(1441): CodeIgniter\Database\BaseBuilder->get()
#3 /home/ubuntu/stackposts/stackposts_main/app/Helpers/Common_helper.php(1345): db_get()
#4 /home/ubuntu/stackposts/stackposts_main/inc/core/Appearance/Filters/beforeFilter.php(32): get_option()
#5 /home/ubuntu/stackposts/stackposts_main/app/Filters/MainFilter.php(50): include_once('...')
#6 /home/ubuntu/stackposts/stackposts_main/vendor/codeigniter4/framework/system/Filters/Filters.php(173): App\Filters\MainFilter->before()
#7 /home/ubuntu/stackposts/stackposts_main/vendor/codeigniter4/framework/system/CodeIgniter.php(393): CodeIgniter\Filters\Filters->run()
#8 /home/ubuntu/stackposts/stackposts_main/vendor/codeigniter4/framework/system/CodeIgniter.php(326): CodeIgniter\CodeIgniter->handleRequest()
#9 /home/ubuntu/stackposts/stackposts_main/index.php(44): CodeIgniter\CodeIgniter->run()
#10 {main}
ERROR - 2024-09-25 09:45:52 --> Error connecting to the database: pg_connect(): Unable to connect to PostgreSQL server: connection to server at &quot;devinapps-backend-prod.cluster-clussqewa0rh.us-west-2.rds.amazonaws.com&quot; (64:ff9b::3646:d073), port 3306 failed: Connection timed out
	Is the server running on that host and accepting TCP/IP connections?
connection to server at &quot;devinapps-backend-prod.cluster-clussqewa0rh.us-west-2.rds.amazonaws.com&quot; (54.70.208.115), port 3306 failed: Connection timed out
	Is the server running on that host and accepting TCP/IP connections?
CRITICAL - 2024-09-25 09:45:52 --> Unable to connect to the database.
Main connection [Postgre]: pg_connect(): Unable to connect to PostgreSQL server: connection to server at &quot;devinapps-backend-prod.cluster-clussqewa0rh.us-west-2.rds.amazonaws.com&quot; (64:ff9b::3646:d073), port 3306 failed: Connection timed out
	Is the server running on that host and accepting TCP/IP connections?
connection to server at &quot;devinapps-backend-prod.cluster-clussqewa0rh.us-west-2.rds.amazonaws.com&quot; (54.70.208.115), port 3306 failed: Connection timed out
	Is the server running on that host and accepting TCP/IP connections?
#0 /home/ubuntu/stackposts/stackposts_main/vendor/codeigniter4/framework/system/Database/BaseConnection.php(577): CodeIgniter\Database\BaseConnection->initialize()
#1 /home/ubuntu/stackposts/stackposts_main/vendor/codeigniter4/framework/system/Database/BaseBuilder.php(1455): CodeIgniter\Database\BaseConnection->query()
#2 /home/ubuntu/stackposts/stackposts_main/app/Helpers/Common_helper.php(1441): CodeIgniter\Database\BaseBuilder->get()
#3 /home/ubuntu/stackposts/stackposts_main/app/Helpers/Common_helper.php(1345): db_get()
#4 /home/ubuntu/stackposts/stackposts_main/inc/core/Appearance/Filters/beforeFilter.php(32): get_option()
#5 /home/ubuntu/stackposts/stackposts_main/app/Filters/MainFilter.php(50): include_once('...')
#6 /home/ubuntu/stackposts/stackposts_main/vendor/codeigniter4/framework/system/Filters/Filters.php(173): App\Filters\MainFilter->before()
#7 /home/ubuntu/stackposts/stackposts_main/vendor/codeigniter4/framework/system/CodeIgniter.php(393): CodeIgniter\Filters\Filters->run()
#8 /home/ubuntu/stackposts/stackposts_main/vendor/codeigniter4/framework/system/CodeIgniter.php(326): CodeIgniter\CodeIgniter->handleRequest()
#9 /home/ubuntu/stackposts/stackposts_main/index.php(44): CodeIgniter\CodeIgniter->run()
#10 {main}
ERROR - 2024-09-25 09:50:23 --> Error connecting to the database: pg_connect(): Unable to connect to PostgreSQL server: connection to server at &quot;devinapps-backend-prod.cluster-clussqewa0rh.us-west-2.rds.amazonaws.com&quot; (64:ff9b::3646:d073), port 3306 failed: Connection timed out
	Is the server running on that host and accepting TCP/IP connections?
connection to server at &quot;devinapps-backend-prod.cluster-clussqewa0rh.us-west-2.rds.amazonaws.com&quot; (54.70.208.115), port 3306 failed: Connection timed out
	Is the server running on that host and accepting TCP/IP connections?
CRITICAL - 2024-09-25 09:50:23 --> Unable to connect to the database.
Main connection [Postgre]: pg_connect(): Unable to connect to PostgreSQL server: connection to server at &quot;devinapps-backend-prod.cluster-clussqewa0rh.us-west-2.rds.amazonaws.com&quot; (64:ff9b::3646:d073), port 3306 failed: Connection timed out
	Is the server running on that host and accepting TCP/IP connections?
connection to server at &quot;devinapps-backend-prod.cluster-clussqewa0rh.us-west-2.rds.amazonaws.com&quot; (54.70.208.115), port 3306 failed: Connection timed out
	Is the server running on that host and accepting TCP/IP connections?
#0 /home/ubuntu/stackposts/stackposts_main/vendor/codeigniter4/framework/system/Database/BaseConnection.php(577): CodeIgniter\Database\BaseConnection->initialize()
#1 /home/ubuntu/stackposts/stackposts_main/vendor/codeigniter4/framework/system/Database/BaseBuilder.php(1455): CodeIgniter\Database\BaseConnection->query()
#2 /home/ubuntu/stackposts/stackposts_main/app/Helpers/Common_helper.php(1441): CodeIgniter\Database\BaseBuilder->get()
#3 /home/ubuntu/stackposts/stackposts_main/app/Helpers/Common_helper.php(1345): db_get()
#4 /home/ubuntu/stackposts/stackposts_main/inc/core/Appearance/Filters/beforeFilter.php(32): get_option()
#5 /home/ubuntu/stackposts/stackposts_main/app/Filters/MainFilter.php(50): include_once('...')
#6 /home/ubuntu/stackposts/stackposts_main/vendor/codeigniter4/framework/system/Filters/Filters.php(173): App\Filters\MainFilter->before()
#7 /home/ubuntu/stackposts/stackposts_main/vendor/codeigniter4/framework/system/CodeIgniter.php(393): CodeIgniter\Filters\Filters->run()
#8 /home/ubuntu/stackposts/stackposts_main/vendor/codeigniter4/framework/system/CodeIgniter.php(326): CodeIgniter\CodeIgniter->handleRequest()
#9 /home/ubuntu/stackposts/stackposts_main/index.php(44): CodeIgniter\CodeIgniter->run()
#10 {main}
ERROR - 2024-09-25 09:53:54 --> ErrorException: pg_query(): Query failed: ERROR:  relation &quot;sp_options&quot; does not exist
LINE 2: FROM &quot;sp_options&quot;
             ^ in /home/ubuntu/stackposts/stackposts_main/vendor/codeigniter4/framework/system/Database/Postgre/Connection.php:135
Stack trace:
#0 [internal function]: CodeIgniter\Debug\Exceptions->errorHandler()
#1 /home/ubuntu/stackposts/stackposts_main/vendor/codeigniter4/framework/system/Database/Postgre/Connection.php(135): pg_query()
#2 /home/ubuntu/stackposts/stackposts_main/vendor/codeigniter4/framework/system/Database/BaseConnection.php(670): CodeIgniter\Database\Postgre\Connection->execute()
#3 /home/ubuntu/stackposts/stackposts_main/vendor/codeigniter4/framework/system/Database/BaseConnection.php(598): CodeIgniter\Database\BaseConnection->simpleQuery()
#4 /home/ubuntu/stackposts/stackposts_main/vendor/codeigniter4/framework/system/Database/BaseBuilder.php(1455): CodeIgniter\Database\BaseConnection->query()
#5 /home/ubuntu/stackposts/stackposts_main/app/Helpers/Common_helper.php(1441): CodeIgniter\Database\BaseBuilder->get()
#6 /home/ubuntu/stackposts/stackposts_main/app/Helpers/Common_helper.php(1345): db_get()
#7 /home/ubuntu/stackposts/stackposts_main/inc/core/Appearance/Filters/beforeFilter.php(32): get_option()
#8 /home/ubuntu/stackposts/stackposts_main/app/Filters/MainFilter.php(50): include_once('...')
#9 /home/ubuntu/stackposts/stackposts_main/vendor/codeigniter4/framework/system/Filters/Filters.php(173): App\Filters\MainFilter->before()
#10 /home/ubuntu/stackposts/stackposts_main/vendor/codeigniter4/framework/system/CodeIgniter.php(393): CodeIgniter\Filters\Filters->run()
#11 /home/ubuntu/stackposts/stackposts_main/vendor/codeigniter4/framework/system/CodeIgniter.php(326): CodeIgniter\CodeIgniter->handleRequest()
#12 /home/ubuntu/stackposts/stackposts_main/index.php(44): CodeIgniter\CodeIgniter->run()
#13 {main}
CRITICAL - 2024-09-25 09:53:54 --> Call to a member function getRow() on bool
#0 /home/ubuntu/stackposts/stackposts_main/app/Helpers/Common_helper.php(1345): db_get()
#1 /home/ubuntu/stackposts/stackposts_main/inc/core/Appearance/Filters/beforeFilter.php(32): get_option()
#2 /home/ubuntu/stackposts/stackposts_main/app/Filters/MainFilter.php(50): include_once('...')
#3 /home/ubuntu/stackposts/stackposts_main/vendor/codeigniter4/framework/system/Filters/Filters.php(173): App\Filters\MainFilter->before()
#4 /home/ubuntu/stackposts/stackposts_main/vendor/codeigniter4/framework/system/CodeIgniter.php(393): CodeIgniter\Filters\Filters->run()
#5 /home/ubuntu/stackposts/stackposts_main/vendor/codeigniter4/framework/system/CodeIgniter.php(326): CodeIgniter\CodeIgniter->handleRequest()
#6 /home/ubuntu/stackposts/stackposts_main/index.php(44): CodeIgniter\CodeIgniter->run()
#7 {main}
ERROR - 2024-09-25 14:07:32 --> ErrorException: pg_query(): Query failed: ERROR:  relation "sp_options" does not exist
LINE 2: FROM "sp_options"
             ^ in /home/ubuntu/stackposts/stackposts_main/vendor/codeigniter4/framework/system/Database/Postgre/Connection.php:135
Stack trace:
#0 [internal function]: CodeIgniter\Debug\Exceptions->errorHandler()
#1 /home/ubuntu/stackposts/stackposts_main/vendor/codeigniter4/framework/system/Database/Postgre/Connection.php(135): pg_query()
#2 /home/ubuntu/stackposts/stackposts_main/vendor/codeigniter4/framework/system/Database/BaseConnection.php(670): CodeIgniter\Database\Postgre\Connection->execute()
#3 /home/ubuntu/stackposts/stackposts_main/vendor/codeigniter4/framework/system/Database/BaseConnection.php(598): CodeIgniter\Database\BaseConnection->simpleQuery()
#4 /home/ubuntu/stackposts/stackposts_main/vendor/codeigniter4/framework/system/Database/BaseBuilder.php(1455): CodeIgniter\Database\BaseConnection->query()
#5 /home/ubuntu/stackposts/stackposts_main/app/Helpers/Common_helper.php(1441): CodeIgniter\Database\BaseBuilder->get()
#6 /home/ubuntu/stackposts/stackposts_main/app/Helpers/Common_helper.php(1345): db_get()
#7 /home/ubuntu/stackposts/stackposts_main/inc/core/Appearance/Filters/beforeFilter.php(32): get_option()
#8 /home/ubuntu/stackposts/stackposts_main/app/Filters/MainFilter.php(50): include_once('...')
#9 /home/ubuntu/stackposts/stackposts_main/vendor/codeigniter4/framework/system/Filters/Filters.php(173): App\Filters\MainFilter->before()
#10 /home/ubuntu/stackposts/stackposts_main/vendor/codeigniter4/framework/system/CodeIgniter.php(393): CodeIgniter\Filters\Filters->run()
#11 /home/ubuntu/stackposts/stackposts_main/vendor/codeigniter4/framework/system/CodeIgniter.php(326): CodeIgniter\CodeIgniter->handleRequest()
#12 /home/ubuntu/stackposts/stackposts_main/index.php(44): CodeIgniter\CodeIgniter->run()
#13 {main}
CRITICAL - 2024-09-25 14:07:32 --> Call to a member function getRow() on bool
#0 /home/ubuntu/stackposts/stackposts_main/app/Helpers/Common_helper.php(1345): db_get()
#1 /home/ubuntu/stackposts/stackposts_main/inc/core/Appearance/Filters/beforeFilter.php(32): get_option()
#2 /home/ubuntu/stackposts/stackposts_main/app/Filters/MainFilter.php(50): include_once('...')
#3 /home/ubuntu/stackposts/stackposts_main/vendor/codeigniter4/framework/system/Filters/Filters.php(173): App\Filters\MainFilter->before()
#4 /home/ubuntu/stackposts/stackposts_main/vendor/codeigniter4/framework/system/CodeIgniter.php(393): CodeIgniter\Filters\Filters->run()
#5 /home/ubuntu/stackposts/stackposts_main/vendor/codeigniter4/framework/system/CodeIgniter.php(326): CodeIgniter\CodeIgniter->handleRequest()
#6 /home/ubuntu/stackposts/stackposts_main/index.php(44): CodeIgniter\CodeIgniter->run()
#7 {main}
ERROR - 2024-09-25 14:28:32 --> ErrorException: pg_query(): Query failed: ERROR:  relation &quot;sp_options&quot; does not exist
LINE 2: FROM &quot;sp_options&quot;
             ^ in /home/ubuntu/stackposts/stackposts_main/vendor/codeigniter4/framework/system/Database/Postgre/Connection.php:135
Stack trace:
#0 [internal function]: CodeIgniter\Debug\Exceptions->errorHandler()
#1 /home/ubuntu/stackposts/stackposts_main/vendor/codeigniter4/framework/system/Database/Postgre/Connection.php(135): pg_query()
#2 /home/ubuntu/stackposts/stackposts_main/vendor/codeigniter4/framework/system/Database/BaseConnection.php(670): CodeIgniter\Database\Postgre\Connection->execute()
#3 /home/ubuntu/stackposts/stackposts_main/vendor/codeigniter4/framework/system/Database/BaseConnection.php(598): CodeIgniter\Database\BaseConnection->simpleQuery()
#4 /home/ubuntu/stackposts/stackposts_main/vendor/codeigniter4/framework/system/Database/BaseBuilder.php(1455): CodeIgniter\Database\BaseConnection->query()
#5 /home/ubuntu/stackposts/stackposts_main/app/Helpers/Common_helper.php(1441): CodeIgniter\Database\BaseBuilder->get()
#6 /home/ubuntu/stackposts/stackposts_main/app/Helpers/Common_helper.php(1345): db_get()
#7 /home/ubuntu/stackposts/stackposts_main/inc/core/Appearance/Filters/beforeFilter.php(32): get_option()
#8 /home/ubuntu/stackposts/stackposts_main/app/Filters/MainFilter.php(50): include_once('...')
#9 /home/ubuntu/stackposts/stackposts_main/vendor/codeigniter4/framework/system/Filters/Filters.php(173): App\Filters\MainFilter->before()
#10 /home/ubuntu/stackposts/stackposts_main/vendor/codeigniter4/framework/system/CodeIgniter.php(393): CodeIgniter\Filters\Filters->run()
#11 /home/ubuntu/stackposts/stackposts_main/vendor/codeigniter4/framework/system/CodeIgniter.php(326): CodeIgniter\CodeIgniter->handleRequest()
#12 /home/ubuntu/stackposts/stackposts_main/index.php(44): CodeIgniter\CodeIgniter->run()
#13 {main}
CRITICAL - 2024-09-25 14:28:32 --> Call to a member function getRow() on bool
#0 /home/ubuntu/stackposts/stackposts_main/app/Helpers/Common_helper.php(1345): db_get()
#1 /home/ubuntu/stackposts/stackposts_main/inc/core/Appearance/Filters/beforeFilter.php(32): get_option()
#2 /home/ubuntu/stackposts/stackposts_main/app/Filters/MainFilter.php(50): include_once('...')
#3 /home/ubuntu/stackposts/stackposts_main/vendor/codeigniter4/framework/system/Filters/Filters.php(173): App\Filters\MainFilter->before()
#4 /home/ubuntu/stackposts/stackposts_main/vendor/codeigniter4/framework/system/CodeIgniter.php(393): CodeIgniter\Filters\Filters->run()
#5 /home/ubuntu/stackposts/stackposts_main/vendor/codeigniter4/framework/system/CodeIgniter.php(326): CodeIgniter\CodeIgniter->handleRequest()
#6 /home/ubuntu/stackposts/stackposts_main/index.php(44): CodeIgniter\CodeIgniter->run()
#7 {main}
ERROR - 2024-09-25 14:41:43 --> ErrorException: pg_query(): Query failed: ERROR:  relation &quot;sp_options&quot; does not exist
LINE 2: FROM &quot;sp_options&quot;
             ^ in /home/ubuntu/stackposts/stackposts_main/vendor/codeigniter4/framework/system/Database/Postgre/Connection.php:135
Stack trace:
#0 [internal function]: CodeIgniter\Debug\Exceptions->errorHandler()
#1 /home/ubuntu/stackposts/stackposts_main/vendor/codeigniter4/framework/system/Database/Postgre/Connection.php(135): pg_query()
#2 /home/ubuntu/stackposts/stackposts_main/vendor/codeigniter4/framework/system/Database/BaseConnection.php(670): CodeIgniter\Database\Postgre\Connection->execute()
#3 /home/ubuntu/stackposts/stackposts_main/vendor/codeigniter4/framework/system/Database/BaseConnection.php(598): CodeIgniter\Database\BaseConnection->simpleQuery()
#4 /home/ubuntu/stackposts/stackposts_main/vendor/codeigniter4/framework/system/Database/BaseBuilder.php(1455): CodeIgniter\Database\BaseConnection->query()
#5 /home/ubuntu/stackposts/stackposts_main/app/Helpers/Common_helper.php(1441): CodeIgniter\Database\BaseBuilder->get()
#6 /home/ubuntu/stackposts/stackposts_main/app/Helpers/Common_helper.php(1345): db_get()
#7 /home/ubuntu/stackposts/stackposts_main/inc/core/Appearance/Filters/beforeFilter.php(32): get_option()
#8 /home/ubuntu/stackposts/stackposts_main/app/Filters/MainFilter.php(50): include_once('...')
#9 /home/ubuntu/stackposts/stackposts_main/vendor/codeigniter4/framework/system/Filters/Filters.php(173): App\Filters\MainFilter->before()
#10 /home/ubuntu/stackposts/stackposts_main/vendor/codeigniter4/framework/system/CodeIgniter.php(393): CodeIgniter\Filters\Filters->run()
#11 /home/ubuntu/stackposts/stackposts_main/vendor/codeigniter4/framework/system/CodeIgniter.php(326): CodeIgniter\CodeIgniter->handleRequest()
#12 /home/ubuntu/stackposts/stackposts_main/index.php(44): CodeIgniter\CodeIgniter->run()
#13 {main}
CRITICAL - 2024-09-25 14:41:43 --> Call to a member function getRow() on bool
#0 /home/ubuntu/stackposts/stackposts_main/app/Helpers/Common_helper.php(1345): db_get()
#1 /home/ubuntu/stackposts/stackposts_main/inc/core/Appearance/Filters/beforeFilter.php(32): get_option()
#2 /home/ubuntu/stackposts/stackposts_main/app/Filters/MainFilter.php(50): include_once('...')
#3 /home/ubuntu/stackposts/stackposts_main/vendor/codeigniter4/framework/system/Filters/Filters.php(173): App\Filters\MainFilter->before()
#4 /home/ubuntu/stackposts/stackposts_main/vendor/codeigniter4/framework/system/CodeIgniter.php(393): CodeIgniter\Filters\Filters->run()
#5 /home/ubuntu/stackposts/stackposts_main/vendor/codeigniter4/framework/system/CodeIgniter.php(326): CodeIgniter\CodeIgniter->handleRequest()
#6 /home/ubuntu/stackposts/stackposts_main/index.php(44): CodeIgniter\CodeIgniter->run()
#7 {main}
ERROR - 2024-09-25 14:53:29 --> ErrorException: pg_query(): Query failed: ERROR:  relation &quot;sp_options&quot; does not exist
LINE 2: FROM &quot;sp_options&quot;
             ^ in /home/ubuntu/stackposts/stackposts_main/vendor/codeigniter4/framework/system/Database/Postgre/Connection.php:135
Stack trace:
#0 [internal function]: CodeIgniter\Debug\Exceptions->errorHandler()
#1 /home/ubuntu/stackposts/stackposts_main/vendor/codeigniter4/framework/system/Database/Postgre/Connection.php(135): pg_query()
#2 /home/ubuntu/stackposts/stackposts_main/vendor/codeigniter4/framework/system/Database/BaseConnection.php(670): CodeIgniter\Database\Postgre\Connection->execute()
#3 /home/ubuntu/stackposts/stackposts_main/vendor/codeigniter4/framework/system/Database/BaseConnection.php(598): CodeIgniter\Database\BaseConnection->simpleQuery()
#4 /home/ubuntu/stackposts/stackposts_main/vendor/codeigniter4/framework/system/Database/BaseBuilder.php(1455): CodeIgniter\Database\BaseConnection->query()
#5 /home/ubuntu/stackposts/stackposts_main/app/Helpers/Common_helper.php(1441): CodeIgniter\Database\BaseBuilder->get()
#6 /home/ubuntu/stackposts/stackposts_main/app/Helpers/Common_helper.php(1345): db_get()
#7 /home/ubuntu/stackposts/stackposts_main/inc/core/Appearance/Filters/beforeFilter.php(32): get_option()
#8 /home/ubuntu/stackposts/stackposts_main/app/Filters/MainFilter.php(50): include_once('...')
#9 /home/ubuntu/stackposts/stackposts_main/vendor/codeigniter4/framework/system/Filters/Filters.php(173): App\Filters\MainFilter->before()
#10 /home/ubuntu/stackposts/stackposts_main/vendor/codeigniter4/framework/system/CodeIgniter.php(393): CodeIgniter\Filters\Filters->run()
#11 /home/ubuntu/stackposts/stackposts_main/vendor/codeigniter4/framework/system/CodeIgniter.php(326): CodeIgniter\CodeIgniter->handleRequest()
#12 /home/ubuntu/stackposts/stackposts_main/index.php(44): CodeIgniter\CodeIgniter->run()
#13 {main}
CRITICAL - 2024-09-25 14:53:29 --> Call to a member function getRow() on bool
#0 /home/ubuntu/stackposts/stackposts_main/app/Helpers/Common_helper.php(1345): db_get()
#1 /home/ubuntu/stackposts/stackposts_main/inc/core/Appearance/Filters/beforeFilter.php(32): get_option()
#2 /home/ubuntu/stackposts/stackposts_main/app/Filters/MainFilter.php(50): include_once('...')
#3 /home/ubuntu/stackposts/stackposts_main/vendor/codeigniter4/framework/system/Filters/Filters.php(173): App\Filters\MainFilter->before()
#4 /home/ubuntu/stackposts/stackposts_main/vendor/codeigniter4/framework/system/CodeIgniter.php(393): CodeIgniter\Filters\Filters->run()
#5 /home/ubuntu/stackposts/stackposts_main/vendor/codeigniter4/framework/system/CodeIgniter.php(326): CodeIgniter\CodeIgniter->handleRequest()
#6 /home/ubuntu/stackposts/stackposts_main/index.php(44): CodeIgniter\CodeIgniter->run()
#7 {main}
ERROR - 2024-09-25 14:56:25 --> ErrorException: pg_query(): Query failed: ERROR:  relation &quot;sp_options&quot; does not exist
LINE 2: FROM &quot;sp_options&quot;
             ^ in /home/ubuntu/stackposts/stackposts_main/vendor/codeigniter4/framework/system/Database/Postgre/Connection.php:135
Stack trace:
#0 [internal function]: CodeIgniter\Debug\Exceptions->errorHandler()
#1 /home/ubuntu/stackposts/stackposts_main/vendor/codeigniter4/framework/system/Database/Postgre/Connection.php(135): pg_query()
#2 /home/ubuntu/stackposts/stackposts_main/vendor/codeigniter4/framework/system/Database/BaseConnection.php(670): CodeIgniter\Database\Postgre\Connection->execute()
#3 /home/ubuntu/stackposts/stackposts_main/vendor/codeigniter4/framework/system/Database/BaseConnection.php(598): CodeIgniter\Database\BaseConnection->simpleQuery()
#4 /home/ubuntu/stackposts/stackposts_main/vendor/codeigniter4/framework/system/Database/BaseBuilder.php(1455): CodeIgniter\Database\BaseConnection->query()
#5 /home/ubuntu/stackposts/stackposts_main/app/Helpers/Common_helper.php(1441): CodeIgniter\Database\BaseBuilder->get()
#6 /home/ubuntu/stackposts/stackposts_main/app/Helpers/Common_helper.php(1345): db_get()
#7 /home/ubuntu/stackposts/stackposts_main/inc/core/Appearance/Filters/beforeFilter.php(32): get_option()
#8 /home/ubuntu/stackposts/stackposts_main/app/Filters/MainFilter.php(50): include_once('...')
#9 /home/ubuntu/stackposts/stackposts_main/vendor/codeigniter4/framework/system/Filters/Filters.php(173): App\Filters\MainFilter->before()
#10 /home/ubuntu/stackposts/stackposts_main/vendor/codeigniter4/framework/system/CodeIgniter.php(393): CodeIgniter\Filters\Filters->run()
#11 /home/ubuntu/stackposts/stackposts_main/vendor/codeigniter4/framework/system/CodeIgniter.php(326): CodeIgniter\CodeIgniter->handleRequest()
#12 /home/ubuntu/stackposts/stackposts_main/index.php(44): CodeIgniter\CodeIgniter->run()
#13 {main}
CRITICAL - 2024-09-25 14:56:25 --> Call to a member function getRow() on bool
#0 /home/ubuntu/stackposts/stackposts_main/app/Helpers/Common_helper.php(1345): db_get()
#1 /home/ubuntu/stackposts/stackposts_main/inc/core/Appearance/Filters/beforeFilter.php(32): get_option()
#2 /home/ubuntu/stackposts/stackposts_main/app/Filters/MainFilter.php(50): include_once('...')
#3 /home/ubuntu/stackposts/stackposts_main/vendor/codeigniter4/framework/system/Filters/Filters.php(173): App\Filters\MainFilter->before()
#4 /home/ubuntu/stackposts/stackposts_main/vendor/codeigniter4/framework/system/CodeIgniter.php(393): CodeIgniter\Filters\Filters->run()
#5 /home/ubuntu/stackposts/stackposts_main/vendor/codeigniter4/framework/system/CodeIgniter.php(326): CodeIgniter\CodeIgniter->handleRequest()
#6 /home/ubuntu/stackposts/stackposts_main/index.php(44): CodeIgniter\CodeIgniter->run()
#7 {main}
ERROR - 2024-09-25 14:59:52 --> ErrorException: pg_query(): Query failed: ERROR:  relation &quot;sp_options&quot; does not exist
LINE 2: FROM &quot;sp_options&quot;
             ^ in /home/ubuntu/stackposts/stackposts_main/vendor/codeigniter4/framework/system/Database/Postgre/Connection.php:135
Stack trace:
#0 [internal function]: CodeIgniter\Debug\Exceptions->errorHandler()
#1 /home/ubuntu/stackposts/stackposts_main/vendor/codeigniter4/framework/system/Database/Postgre/Connection.php(135): pg_query()
#2 /home/ubuntu/stackposts/stackposts_main/vendor/codeigniter4/framework/system/Database/BaseConnection.php(670): CodeIgniter\Database\Postgre\Connection->execute()
#3 /home/ubuntu/stackposts/stackposts_main/vendor/codeigniter4/framework/system/Database/BaseConnection.php(598): CodeIgniter\Database\BaseConnection->simpleQuery()
#4 /home/ubuntu/stackposts/stackposts_main/vendor/codeigniter4/framework/system/Database/BaseBuilder.php(1455): CodeIgniter\Database\BaseConnection->query()
#5 /home/ubuntu/stackposts/stackposts_main/app/Helpers/Common_helper.php(1441): CodeIgniter\Database\BaseBuilder->get()
#6 /home/ubuntu/stackposts/stackposts_main/app/Helpers/Common_helper.php(1345): db_get()
#7 /home/ubuntu/stackposts/stackposts_main/inc/core/Appearance/Filters/beforeFilter.php(32): get_option()
#8 /home/ubuntu/stackposts/stackposts_main/app/Filters/MainFilter.php(50): include_once('...')
#9 /home/ubuntu/stackposts/stackposts_main/vendor/codeigniter4/framework/system/Filters/Filters.php(173): App\Filters\MainFilter->before()
#10 /home/ubuntu/stackposts/stackposts_main/vendor/codeigniter4/framework/system/CodeIgniter.php(393): CodeIgniter\Filters\Filters->run()
#11 /home/ubuntu/stackposts/stackposts_main/vendor/codeigniter4/framework/system/CodeIgniter.php(326): CodeIgniter\CodeIgniter->handleRequest()
#12 /home/ubuntu/stackposts/stackposts_main/index.php(44): CodeIgniter\CodeIgniter->run()
#13 {main}
CRITICAL - 2024-09-25 14:59:52 --> Call to a member function getRow() on bool
#0 /home/ubuntu/stackposts/stackposts_main/app/Helpers/Common_helper.php(1345): db_get()
#1 /home/ubuntu/stackposts/stackposts_main/inc/core/Appearance/Filters/beforeFilter.php(32): get_option()
#2 /home/ubuntu/stackposts/stackposts_main/app/Filters/MainFilter.php(50): include_once('...')
#3 /home/ubuntu/stackposts/stackposts_main/vendor/codeigniter4/framework/system/Filters/Filters.php(173): App\Filters\MainFilter->before()
#4 /home/ubuntu/stackposts/stackposts_main/vendor/codeigniter4/framework/system/CodeIgniter.php(393): CodeIgniter\Filters\Filters->run()
#5 /home/ubuntu/stackposts/stackposts_main/vendor/codeigniter4/framework/system/CodeIgniter.php(326): CodeIgniter\CodeIgniter->handleRequest()
#6 /home/ubuntu/stackposts/stackposts_main/index.php(44): CodeIgniter\CodeIgniter->run()
#7 {main}
ERROR - 2024-09-25 15:03:27 --> ErrorException: pg_query(): Query failed: ERROR:  relation &quot;sp_options&quot; does not exist
LINE 2: FROM &quot;sp_options&quot;
             ^ in /home/ubuntu/stackposts/stackposts_main/vendor/codeigniter4/framework/system/Database/Postgre/Connection.php:135
Stack trace:
#0 [internal function]: CodeIgniter\Debug\Exceptions->errorHandler()
#1 /home/ubuntu/stackposts/stackposts_main/vendor/codeigniter4/framework/system/Database/Postgre/Connection.php(135): pg_query()
#2 /home/ubuntu/stackposts/stackposts_main/vendor/codeigniter4/framework/system/Database/BaseConnection.php(670): CodeIgniter\Database\Postgre\Connection->execute()
#3 /home/ubuntu/stackposts/stackposts_main/vendor/codeigniter4/framework/system/Database/BaseConnection.php(598): CodeIgniter\Database\BaseConnection->simpleQuery()
#4 /home/ubuntu/stackposts/stackposts_main/vendor/codeigniter4/framework/system/Database/BaseBuilder.php(1455): CodeIgniter\Database\BaseConnection->query()
#5 /home/ubuntu/stackposts/stackposts_main/app/Helpers/Common_helper.php(1441): CodeIgniter\Database\BaseBuilder->get()
#6 /home/ubuntu/stackposts/stackposts_main/app/Helpers/Common_helper.php(1345): db_get()
#7 /home/ubuntu/stackposts/stackposts_main/inc/core/Appearance/Filters/beforeFilter.php(32): get_option()
#8 /home/ubuntu/stackposts/stackposts_main/app/Filters/MainFilter.php(50): include_once('...')
#9 /home/ubuntu/stackposts/stackposts_main/vendor/codeigniter4/framework/system/Filters/Filters.php(173): App\Filters\MainFilter->before()
#10 /home/ubuntu/stackposts/stackposts_main/vendor/codeigniter4/framework/system/CodeIgniter.php(393): CodeIgniter\Filters\Filters->run()
#11 /home/ubuntu/stackposts/stackposts_main/vendor/codeigniter4/framework/system/CodeIgniter.php(326): CodeIgniter\CodeIgniter->handleRequest()
#12 /home/ubuntu/stackposts/stackposts_main/index.php(44): CodeIgniter\CodeIgniter->run()
#13 {main}
CRITICAL - 2024-09-25 15:03:27 --> Call to a member function getRow() on bool
#0 /home/ubuntu/stackposts/stackposts_main/app/Helpers/Common_helper.php(1345): db_get()
#1 /home/ubuntu/stackposts/stackposts_main/inc/core/Appearance/Filters/beforeFilter.php(32): get_option()
#2 /home/ubuntu/stackposts/stackposts_main/app/Filters/MainFilter.php(50): include_once('...')
#3 /home/ubuntu/stackposts/stackposts_main/vendor/codeigniter4/framework/system/Filters/Filters.php(173): App\Filters\MainFilter->before()
#4 /home/ubuntu/stackposts/stackposts_main/vendor/codeigniter4/framework/system/CodeIgniter.php(393): CodeIgniter\Filters\Filters->run()
#5 /home/ubuntu/stackposts/stackposts_main/vendor/codeigniter4/framework/system/CodeIgniter.php(326): CodeIgniter\CodeIgniter->handleRequest()
#6 /home/ubuntu/stackposts/stackposts_main/index.php(44): CodeIgniter\CodeIgniter->run()
#7 {main}
ERROR - 2024-09-25 15:12:15 --> ErrorException: pg_query(): Query failed: ERROR:  relation &quot;sp_options&quot; does not exist
LINE 2: FROM &quot;sp_options&quot;
             ^ in /home/ubuntu/stackposts/stackposts_main/vendor/codeigniter4/framework/system/Database/Postgre/Connection.php:135
Stack trace:
#0 [internal function]: CodeIgniter\Debug\Exceptions->errorHandler()
#1 /home/ubuntu/stackposts/stackposts_main/vendor/codeigniter4/framework/system/Database/Postgre/Connection.php(135): pg_query()
#2 /home/ubuntu/stackposts/stackposts_main/vendor/codeigniter4/framework/system/Database/BaseConnection.php(670): CodeIgniter\Database\Postgre\Connection->execute()
#3 /home/ubuntu/stackposts/stackposts_main/vendor/codeigniter4/framework/system/Database/BaseConnection.php(598): CodeIgniter\Database\BaseConnection->simpleQuery()
#4 /home/ubuntu/stackposts/stackposts_main/vendor/codeigniter4/framework/system/Database/BaseBuilder.php(1455): CodeIgniter\Database\BaseConnection->query()
#5 /home/ubuntu/stackposts/stackposts_main/app/Helpers/Common_helper.php(1441): CodeIgniter\Database\BaseBuilder->get()
#6 /home/ubuntu/stackposts/stackposts_main/app/Helpers/Common_helper.php(1345): db_get()
#7 /home/ubuntu/stackposts/stackposts_main/inc/core/Appearance/Filters/beforeFilter.php(32): get_option()
#8 /home/ubuntu/stackposts/stackposts_main/app/Filters/MainFilter.php(50): include_once('...')
#9 /home/ubuntu/stackposts/stackposts_main/vendor/codeigniter4/framework/system/Filters/Filters.php(173): App\Filters\MainFilter->before()
#10 /home/ubuntu/stackposts/stackposts_main/vendor/codeigniter4/framework/system/CodeIgniter.php(393): CodeIgniter\Filters\Filters->run()
#11 /home/ubuntu/stackposts/stackposts_main/vendor/codeigniter4/framework/system/CodeIgniter.php(326): CodeIgniter\CodeIgniter->handleRequest()
#12 /home/ubuntu/stackposts/stackposts_main/index.php(44): CodeIgniter\CodeIgniter->run()
#13 {main}
CRITICAL - 2024-09-25 15:12:15 --> Call to a member function getRow() on bool
#0 /home/ubuntu/stackposts/stackposts_main/app/Helpers/Common_helper.php(1345): db_get()
#1 /home/ubuntu/stackposts/stackposts_main/inc/core/Appearance/Filters/beforeFilter.php(32): get_option()
#2 /home/ubuntu/stackposts/stackposts_main/app/Filters/MainFilter.php(50): include_once('...')
#3 /home/ubuntu/stackposts/stackposts_main/vendor/codeigniter4/framework/system/Filters/Filters.php(173): App\Filters\MainFilter->before()
#4 /home/ubuntu/stackposts/stackposts_main/vendor/codeigniter4/framework/system/CodeIgniter.php(393): CodeIgniter\Filters\Filters->run()
#5 /home/ubuntu/stackposts/stackposts_main/vendor/codeigniter4/framework/system/CodeIgniter.php(326): CodeIgniter\CodeIgniter->handleRequest()
#6 /home/ubuntu/stackposts/stackposts_main/index.php(44): CodeIgniter\CodeIgniter->run()
#7 {main}
ERROR - 2024-09-25 15:13:38 --> ErrorException: pg_query(): Query failed: ERROR:  relation &quot;sp_options&quot; does not exist
LINE 2: FROM &quot;sp_options&quot;
             ^ in /home/ubuntu/stackposts/stackposts_main/vendor/codeigniter4/framework/system/Database/Postgre/Connection.php:135
Stack trace:
#0 [internal function]: CodeIgniter\Debug\Exceptions->errorHandler()
#1 /home/ubuntu/stackposts/stackposts_main/vendor/codeigniter4/framework/system/Database/Postgre/Connection.php(135): pg_query()
#2 /home/ubuntu/stackposts/stackposts_main/vendor/codeigniter4/framework/system/Database/BaseConnection.php(670): CodeIgniter\Database\Postgre\Connection->execute()
#3 /home/ubuntu/stackposts/stackposts_main/vendor/codeigniter4/framework/system/Database/BaseConnection.php(598): CodeIgniter\Database\BaseConnection->simpleQuery()
#4 /home/ubuntu/stackposts/stackposts_main/vendor/codeigniter4/framework/system/Database/BaseBuilder.php(1455): CodeIgniter\Database\BaseConnection->query()
#5 /home/ubuntu/stackposts/stackposts_main/app/Helpers/Common_helper.php(1441): CodeIgniter\Database\BaseBuilder->get()
#6 /home/ubuntu/stackposts/stackposts_main/app/Helpers/Common_helper.php(1345): db_get()
#7 /home/ubuntu/stackposts/stackposts_main/inc/core/Appearance/Filters/beforeFilter.php(32): get_option()
#8 /home/ubuntu/stackposts/stackposts_main/app/Filters/MainFilter.php(50): include_once('...')
#9 /home/ubuntu/stackposts/stackposts_main/vendor/codeigniter4/framework/system/Filters/Filters.php(173): App\Filters\MainFilter->before()
#10 /home/ubuntu/stackposts/stackposts_main/vendor/codeigniter4/framework/system/CodeIgniter.php(393): CodeIgniter\Filters\Filters->run()
#11 /home/ubuntu/stackposts/stackposts_main/vendor/codeigniter4/framework/system/CodeIgniter.php(326): CodeIgniter\CodeIgniter->handleRequest()
#12 /home/ubuntu/stackposts/stackposts_main/index.php(44): CodeIgniter\CodeIgniter->run()
#13 {main}
CRITICAL - 2024-09-25 15:13:38 --> Call to a member function getRow() on bool
#0 /home/ubuntu/stackposts/stackposts_main/app/Helpers/Common_helper.php(1345): db_get()
#1 /home/ubuntu/stackposts/stackposts_main/inc/core/Appearance/Filters/beforeFilter.php(32): get_option()
#2 /home/ubuntu/stackposts/stackposts_main/app/Filters/MainFilter.php(50): include_once('...')
#3 /home/ubuntu/stackposts/stackposts_main/vendor/codeigniter4/framework/system/Filters/Filters.php(173): App\Filters\MainFilter->before()
#4 /home/ubuntu/stackposts/stackposts_main/vendor/codeigniter4/framework/system/CodeIgniter.php(393): CodeIgniter\Filters\Filters->run()
#5 /home/ubuntu/stackposts/stackposts_main/vendor/codeigniter4/framework/system/CodeIgniter.php(326): CodeIgniter\CodeIgniter->handleRequest()
#6 /home/ubuntu/stackposts/stackposts_main/index.php(44): CodeIgniter\CodeIgniter->run()
#7 {main}
ERROR - 2024-09-25 15:30:54 --> ErrorException: pg_query(): Query failed: ERROR:  relation &quot;sp_options&quot; does not exist
LINE 2: FROM &quot;sp_options&quot;
             ^ in /home/ubuntu/stackposts/stackposts_main/vendor/codeigniter4/framework/system/Database/Postgre/Connection.php:135
Stack trace:
#0 [internal function]: CodeIgniter\Debug\Exceptions->errorHandler()
#1 /home/ubuntu/stackposts/stackposts_main/vendor/codeigniter4/framework/system/Database/Postgre/Connection.php(135): pg_query()
#2 /home/ubuntu/stackposts/stackposts_main/vendor/codeigniter4/framework/system/Database/BaseConnection.php(670): CodeIgniter\Database\Postgre\Connection->execute()
#3 /home/ubuntu/stackposts/stackposts_main/vendor/codeigniter4/framework/system/Database/BaseConnection.php(598): CodeIgniter\Database\BaseConnection->simpleQuery()
#4 /home/ubuntu/stackposts/stackposts_main/vendor/codeigniter4/framework/system/Database/BaseBuilder.php(1455): CodeIgniter\Database\BaseConnection->query()
#5 /home/ubuntu/stackposts/stackposts_main/app/Helpers/Common_helper.php(1441): CodeIgniter\Database\BaseBuilder->get()
#6 /home/ubuntu/stackposts/stackposts_main/app/Helpers/Common_helper.php(1345): db_get()
#7 /home/ubuntu/stackposts/stackposts_main/inc/core/Appearance/Filters/beforeFilter.php(32): get_option()
#8 /home/ubuntu/stackposts/stackposts_main/app/Filters/MainFilter.php(50): include_once('...')
#9 /home/ubuntu/stackposts/stackposts_main/vendor/codeigniter4/framework/system/Filters/Filters.php(173): App\Filters\MainFilter->before()
#10 /home/ubuntu/stackposts/stackposts_main/vendor/codeigniter4/framework/system/CodeIgniter.php(393): CodeIgniter\Filters\Filters->run()
#11 /home/ubuntu/stackposts/stackposts_main/vendor/codeigniter4/framework/system/CodeIgniter.php(326): CodeIgniter\CodeIgniter->handleRequest()
#12 /home/ubuntu/stackposts/stackposts_main/index.php(44): CodeIgniter\CodeIgniter->run()
#13 {main}
CRITICAL - 2024-09-25 15:30:54 --> Call to a member function getRow() on bool
#0 /home/ubuntu/stackposts/stackposts_main/app/Helpers/Common_helper.php(1345): db_get()
#1 /home/ubuntu/stackposts/stackposts_main/inc/core/Appearance/Filters/beforeFilter.php(32): get_option()
#2 /home/ubuntu/stackposts/stackposts_main/app/Filters/MainFilter.php(50): include_once('...')
#3 /home/ubuntu/stackposts/stackposts_main/vendor/codeigniter4/framework/system/Filters/Filters.php(173): App\Filters\MainFilter->before()
#4 /home/ubuntu/stackposts/stackposts_main/vendor/codeigniter4/framework/system/CodeIgniter.php(393): CodeIgniter\Filters\Filters->run()
#5 /home/ubuntu/stackposts/stackposts_main/vendor/codeigniter4/framework/system/CodeIgniter.php(326): CodeIgniter\CodeIgniter->handleRequest()
#6 /home/ubuntu/stackposts/stackposts_main/index.php(44): CodeIgniter\CodeIgniter->run()
#7 {main}
ERROR - 2024-09-25 15:32:43 --> ErrorException: pg_query(): Query failed: ERROR:  relation &quot;sp_options&quot; does not exist
LINE 2: FROM &quot;sp_options&quot;
             ^ in /home/ubuntu/stackposts/stackposts_main/vendor/codeigniter4/framework/system/Database/Postgre/Connection.php:135
Stack trace:
#0 [internal function]: CodeIgniter\Debug\Exceptions->errorHandler()
#1 /home/ubuntu/stackposts/stackposts_main/vendor/codeigniter4/framework/system/Database/Postgre/Connection.php(135): pg_query()
#2 /home/ubuntu/stackposts/stackposts_main/vendor/codeigniter4/framework/system/Database/BaseConnection.php(670): CodeIgniter\Database\Postgre\Connection->execute()
#3 /home/ubuntu/stackposts/stackposts_main/vendor/codeigniter4/framework/system/Database/BaseConnection.php(598): CodeIgniter\Database\BaseConnection->simpleQuery()
#4 /home/ubuntu/stackposts/stackposts_main/vendor/codeigniter4/framework/system/Database/BaseBuilder.php(1455): CodeIgniter\Database\BaseConnection->query()
#5 /home/ubuntu/stackposts/stackposts_main/app/Helpers/Common_helper.php(1441): CodeIgniter\Database\BaseBuilder->get()
#6 /home/ubuntu/stackposts/stackposts_main/app/Helpers/Common_helper.php(1345): db_get()
#7 /home/ubuntu/stackposts/stackposts_main/inc/core/Appearance/Filters/beforeFilter.php(32): get_option()
#8 /home/ubuntu/stackposts/stackposts_main/app/Filters/MainFilter.php(50): include_once('...')
#9 /home/ubuntu/stackposts/stackposts_main/vendor/codeigniter4/framework/system/Filters/Filters.php(173): App\Filters\MainFilter->before()
#10 /home/ubuntu/stackposts/stackposts_main/vendor/codeigniter4/framework/system/CodeIgniter.php(393): CodeIgniter\Filters\Filters->run()
#11 /home/ubuntu/stackposts/stackposts_main/vendor/codeigniter4/framework/system/CodeIgniter.php(326): CodeIgniter\CodeIgniter->handleRequest()
#12 /home/ubuntu/stackposts/stackposts_main/index.php(44): CodeIgniter\CodeIgniter->run()
#13 {main}
CRITICAL - 2024-09-25 15:32:43 --> Call to a member function getRow() on bool
#0 /home/ubuntu/stackposts/stackposts_main/app/Helpers/Common_helper.php(1345): db_get()
#1 /home/ubuntu/stackposts/stackposts_main/inc/core/Appearance/Filters/beforeFilter.php(32): get_option()
#2 /home/ubuntu/stackposts/stackposts_main/app/Filters/MainFilter.php(50): include_once('...')
#3 /home/ubuntu/stackposts/stackposts_main/vendor/codeigniter4/framework/system/Filters/Filters.php(173): App\Filters\MainFilter->before()
#4 /home/ubuntu/stackposts/stackposts_main/vendor/codeigniter4/framework/system/CodeIgniter.php(393): CodeIgniter\Filters\Filters->run()
#5 /home/ubuntu/stackposts/stackposts_main/vendor/codeigniter4/framework/system/CodeIgniter.php(326): CodeIgniter\CodeIgniter->handleRequest()
#6 /home/ubuntu/stackposts/stackposts_main/index.php(44): CodeIgniter\CodeIgniter->run()
#7 {main}
ERROR - 2024-09-25 15:34:31 --> ErrorException: pg_query(): Query failed: ERROR:  relation &quot;sp_options&quot; does not exist
LINE 2: FROM &quot;sp_options&quot;
             ^ in /home/ubuntu/stackposts/stackposts_main/vendor/codeigniter4/framework/system/Database/Postgre/Connection.php:135
Stack trace:
#0 [internal function]: CodeIgniter\Debug\Exceptions->errorHandler()
#1 /home/ubuntu/stackposts/stackposts_main/vendor/codeigniter4/framework/system/Database/Postgre/Connection.php(135): pg_query()
#2 /home/ubuntu/stackposts/stackposts_main/vendor/codeigniter4/framework/system/Database/BaseConnection.php(670): CodeIgniter\Database\Postgre\Connection->execute()
#3 /home/ubuntu/stackposts/stackposts_main/vendor/codeigniter4/framework/system/Database/BaseConnection.php(598): CodeIgniter\Database\BaseConnection->simpleQuery()
#4 /home/ubuntu/stackposts/stackposts_main/vendor/codeigniter4/framework/system/Database/BaseBuilder.php(1455): CodeIgniter\Database\BaseConnection->query()
#5 /home/ubuntu/stackposts/stackposts_main/app/Helpers/Common_helper.php(1441): CodeIgniter\Database\BaseBuilder->get()
#6 /home/ubuntu/stackposts/stackposts_main/app/Helpers/Common_helper.php(1345): db_get()
#7 /home/ubuntu/stackposts/stackposts_main/inc/core/Appearance/Filters/beforeFilter.php(32): get_option()
#8 /home/ubuntu/stackposts/stackposts_main/app/Filters/MainFilter.php(50): include_once('...')
#9 /home/ubuntu/stackposts/stackposts_main/vendor/codeigniter4/framework/system/Filters/Filters.php(173): App\Filters\MainFilter->before()
#10 /home/ubuntu/stackposts/stackposts_main/vendor/codeigniter4/framework/system/CodeIgniter.php(393): CodeIgniter\Filters\Filters->run()
#11 /home/ubuntu/stackposts/stackposts_main/vendor/codeigniter4/framework/system/CodeIgniter.php(326): CodeIgniter\CodeIgniter->handleRequest()
#12 /home/ubuntu/stackposts/stackposts_main/index.php(44): CodeIgniter\CodeIgniter->run()
#13 {main}
CRITICAL - 2024-09-25 15:34:31 --> Call to a member function getRow() on bool
#0 /home/ubuntu/stackposts/stackposts_main/app/Helpers/Common_helper.php(1345): db_get()
#1 /home/ubuntu/stackposts/stackposts_main/inc/core/Appearance/Filters/beforeFilter.php(32): get_option()
#2 /home/ubuntu/stackposts/stackposts_main/app/Filters/MainFilter.php(50): include_once('...')
#3 /home/ubuntu/stackposts/stackposts_main/vendor/codeigniter4/framework/system/Filters/Filters.php(173): App\Filters\MainFilter->before()
#4 /home/ubuntu/stackposts/stackposts_main/vendor/codeigniter4/framework/system/CodeIgniter.php(393): CodeIgniter\Filters\Filters->run()
#5 /home/ubuntu/stackposts/stackposts_main/vendor/codeigniter4/framework/system/CodeIgniter.php(326): CodeIgniter\CodeIgniter->handleRequest()
#6 /home/ubuntu/stackposts/stackposts_main/index.php(44): CodeIgniter\CodeIgniter->run()
#7 {main}
ERROR - 2024-09-25 15:35:35 --> ErrorException: pg_query(): Query failed: ERROR:  relation &quot;sp_team&quot; does not exist
LINE 2: FROM &quot;sp_team&quot;
             ^ in /home/ubuntu/stackposts/stackposts_main/vendor/codeigniter4/framework/system/Database/Postgre/Connection.php:135
Stack trace:
#0 [internal function]: CodeIgniter\Debug\Exceptions->errorHandler()
#1 /home/ubuntu/stackposts/stackposts_main/vendor/codeigniter4/framework/system/Database/Postgre/Connection.php(135): pg_query()
#2 /home/ubuntu/stackposts/stackposts_main/vendor/codeigniter4/framework/system/Database/BaseConnection.php(670): CodeIgniter\Database\Postgre\Connection->execute()
#3 /home/ubuntu/stackposts/stackposts_main/vendor/codeigniter4/framework/system/Database/BaseConnection.php(598): CodeIgniter\Database\BaseConnection->simpleQuery()
#4 /home/ubuntu/stackposts/stackposts_main/vendor/codeigniter4/framework/system/Database/BaseBuilder.php(1455): CodeIgniter\Database\BaseConnection->query()
#5 /home/ubuntu/stackposts/stackposts_main/app/Helpers/Common_helper.php(1441): CodeIgniter\Database\BaseBuilder->get()
#6 /home/ubuntu/stackposts/stackposts_main/inc/core/Users/Helpers/Users_helper.php(154): db_get()
#7 /home/ubuntu/stackposts/stackposts_main/inc/core/Plans/Helpers/Plans_helper.php(44): get_team()
#8 /home/ubuntu/stackposts/stackposts_main/inc/core/Appearance/Filters/beforeFilter.php(89): permission()
#9 /home/ubuntu/stackposts/stackposts_main/app/Filters/MainFilter.php(50): include_once('...')
#10 /home/ubuntu/stackposts/stackposts_main/vendor/codeigniter4/framework/system/Filters/Filters.php(173): App\Filters\MainFilter->before()
#11 /home/ubuntu/stackposts/stackposts_main/vendor/codeigniter4/framework/system/CodeIgniter.php(393): CodeIgniter\Filters\Filters->run()
#12 /home/ubuntu/stackposts/stackposts_main/vendor/codeigniter4/framework/system/CodeIgniter.php(326): CodeIgniter\CodeIgniter->handleRequest()
#13 /home/ubuntu/stackposts/stackposts_main/index.php(44): CodeIgniter\CodeIgniter->run()
#14 {main}
CRITICAL - 2024-09-25 15:35:35 --> Call to a member function getRow() on bool
#0 /home/ubuntu/stackposts/stackposts_main/inc/core/Users/Helpers/Users_helper.php(154): db_get()
#1 /home/ubuntu/stackposts/stackposts_main/inc/core/Plans/Helpers/Plans_helper.php(44): get_team()
#2 /home/ubuntu/stackposts/stackposts_main/inc/core/Appearance/Filters/beforeFilter.php(89): permission()
#3 /home/ubuntu/stackposts/stackposts_main/app/Filters/MainFilter.php(50): include_once('...')
#4 /home/ubuntu/stackposts/stackposts_main/vendor/codeigniter4/framework/system/Filters/Filters.php(173): App\Filters\MainFilter->before()
#5 /home/ubuntu/stackposts/stackposts_main/vendor/codeigniter4/framework/system/CodeIgniter.php(393): CodeIgniter\Filters\Filters->run()
#6 /home/ubuntu/stackposts/stackposts_main/vendor/codeigniter4/framework/system/CodeIgniter.php(326): CodeIgniter\CodeIgniter->handleRequest()
#7 /home/ubuntu/stackposts/stackposts_main/index.php(44): CodeIgniter\CodeIgniter->run()
#8 {main}
ERROR - 2024-09-25 15:36:01 --> ErrorException: pg_query(): Query failed: ERROR:  relation &quot;sp_team&quot; does not exist
LINE 2: FROM &quot;sp_team&quot;
             ^ in /home/ubuntu/stackposts/stackposts_main/vendor/codeigniter4/framework/system/Database/Postgre/Connection.php:135
Stack trace:
#0 [internal function]: CodeIgniter\Debug\Exceptions->errorHandler()
#1 /home/ubuntu/stackposts/stackposts_main/vendor/codeigniter4/framework/system/Database/Postgre/Connection.php(135): pg_query()
#2 /home/ubuntu/stackposts/stackposts_main/vendor/codeigniter4/framework/system/Database/BaseConnection.php(670): CodeIgniter\Database\Postgre\Connection->execute()
#3 /home/ubuntu/stackposts/stackposts_main/vendor/codeigniter4/framework/system/Database/BaseConnection.php(598): CodeIgniter\Database\BaseConnection->simpleQuery()
#4 /home/ubuntu/stackposts/stackposts_main/vendor/codeigniter4/framework/system/Database/BaseBuilder.php(1455): CodeIgniter\Database\BaseConnection->query()
#5 /home/ubuntu/stackposts/stackposts_main/app/Helpers/Common_helper.php(1441): CodeIgniter\Database\BaseBuilder->get()
#6 /home/ubuntu/stackposts/stackposts_main/inc/core/Users/Helpers/Users_helper.php(154): db_get()
#7 /home/ubuntu/stackposts/stackposts_main/inc/core/Plans/Helpers/Plans_helper.php(44): get_team()
#8 /home/ubuntu/stackposts/stackposts_main/inc/core/Appearance/Filters/beforeFilter.php(89): permission()
#9 /home/ubuntu/stackposts/stackposts_main/app/Filters/MainFilter.php(50): include_once('...')
#10 /home/ubuntu/stackposts/stackposts_main/vendor/codeigniter4/framework/system/Filters/Filters.php(173): App\Filters\MainFilter->before()
#11 /home/ubuntu/stackposts/stackposts_main/vendor/codeigniter4/framework/system/CodeIgniter.php(393): CodeIgniter\Filters\Filters->run()
#12 /home/ubuntu/stackposts/stackposts_main/vendor/codeigniter4/framework/system/CodeIgniter.php(326): CodeIgniter\CodeIgniter->handleRequest()
#13 /home/ubuntu/stackposts/stackposts_main/index.php(44): CodeIgniter\CodeIgniter->run()
#14 {main}
CRITICAL - 2024-09-25 15:36:01 --> Call to a member function getRow() on bool
#0 /home/ubuntu/stackposts/stackposts_main/inc/core/Users/Helpers/Users_helper.php(154): db_get()
#1 /home/ubuntu/stackposts/stackposts_main/inc/core/Plans/Helpers/Plans_helper.php(44): get_team()
#2 /home/ubuntu/stackposts/stackposts_main/inc/core/Appearance/Filters/beforeFilter.php(89): permission()
#3 /home/ubuntu/stackposts/stackposts_main/app/Filters/MainFilter.php(50): include_once('...')
#4 /home/ubuntu/stackposts/stackposts_main/vendor/codeigniter4/framework/system/Filters/Filters.php(173): App\Filters\MainFilter->before()
#5 /home/ubuntu/stackposts/stackposts_main/vendor/codeigniter4/framework/system/CodeIgniter.php(393): CodeIgniter\Filters\Filters->run()
#6 /home/ubuntu/stackposts/stackposts_main/vendor/codeigniter4/framework/system/CodeIgniter.php(326): CodeIgniter\CodeIgniter->handleRequest()
#7 /home/ubuntu/stackposts/stackposts_main/index.php(44): CodeIgniter\CodeIgniter->run()
#8 {main}
ERROR - 2024-09-25 15:39:46 --> ErrorException: pg_query(): Query failed: ERROR:  relation &quot;sp_team&quot; does not exist
LINE 2: FROM &quot;sp_team&quot;
             ^ in /home/ubuntu/stackposts/stackposts_main/vendor/codeigniter4/framework/system/Database/Postgre/Connection.php:135
Stack trace:
#0 [internal function]: CodeIgniter\Debug\Exceptions->errorHandler()
#1 /home/ubuntu/stackposts/stackposts_main/vendor/codeigniter4/framework/system/Database/Postgre/Connection.php(135): pg_query()
#2 /home/ubuntu/stackposts/stackposts_main/vendor/codeigniter4/framework/system/Database/BaseConnection.php(670): CodeIgniter\Database\Postgre\Connection->execute()
#3 /home/ubuntu/stackposts/stackposts_main/vendor/codeigniter4/framework/system/Database/BaseConnection.php(598): CodeIgniter\Database\BaseConnection->simpleQuery()
#4 /home/ubuntu/stackposts/stackposts_main/vendor/codeigniter4/framework/system/Database/BaseBuilder.php(1455): CodeIgniter\Database\BaseConnection->query()
#5 /home/ubuntu/stackposts/stackposts_main/app/Helpers/Common_helper.php(1441): CodeIgniter\Database\BaseBuilder->get()
#6 /home/ubuntu/stackposts/stackposts_main/inc/core/Users/Helpers/Users_helper.php(154): db_get()
#7 /home/ubuntu/stackposts/stackposts_main/inc/core/Plans/Helpers/Plans_helper.php(44): get_team()
#8 /home/ubuntu/stackposts/stackposts_main/inc/core/Appearance/Filters/beforeFilter.php(89): permission()
#9 /home/ubuntu/stackposts/stackposts_main/app/Filters/MainFilter.php(50): include_once('...')
#10 /home/ubuntu/stackposts/stackposts_main/vendor/codeigniter4/framework/system/Filters/Filters.php(173): App\Filters\MainFilter->before()
#11 /home/ubuntu/stackposts/stackposts_main/vendor/codeigniter4/framework/system/CodeIgniter.php(393): CodeIgniter\Filters\Filters->run()
#12 /home/ubuntu/stackposts/stackposts_main/vendor/codeigniter4/framework/system/CodeIgniter.php(326): CodeIgniter\CodeIgniter->handleRequest()
#13 /home/ubuntu/stackposts/stackposts_main/index.php(44): CodeIgniter\CodeIgniter->run()
#14 {main}
CRITICAL - 2024-09-25 15:39:46 --> Call to a member function getRow() on bool
#0 /home/ubuntu/stackposts/stackposts_main/inc/core/Users/Helpers/Users_helper.php(154): db_get()
#1 /home/ubuntu/stackposts/stackposts_main/inc/core/Plans/Helpers/Plans_helper.php(44): get_team()
#2 /home/ubuntu/stackposts/stackposts_main/inc/core/Appearance/Filters/beforeFilter.php(89): permission()
#3 /home/ubuntu/stackposts/stackposts_main/app/Filters/MainFilter.php(50): include_once('...')
#4 /home/ubuntu/stackposts/stackposts_main/vendor/codeigniter4/framework/system/Filters/Filters.php(173): App\Filters\MainFilter->before()
#5 /home/ubuntu/stackposts/stackposts_main/vendor/codeigniter4/framework/system/CodeIgniter.php(393): CodeIgniter\Filters\Filters->run()
#6 /home/ubuntu/stackposts/stackposts_main/vendor/codeigniter4/framework/system/CodeIgniter.php(326): CodeIgniter\CodeIgniter->handleRequest()
#7 /home/ubuntu/stackposts/stackposts_main/index.php(44): CodeIgniter\CodeIgniter->run()
#8 {main}
ERROR - 2024-09-25 15:57:17 --> ErrorException: pg_query(): Query failed: ERROR:  relation &quot;sp_team&quot; does not exist
LINE 2: FROM &quot;sp_team&quot;
             ^ in /home/ubuntu/stackposts/stackposts_main/vendor/codeigniter4/framework/system/Database/Postgre/Connection.php:135
Stack trace:
#0 [internal function]: CodeIgniter\Debug\Exceptions->errorHandler()
#1 /home/ubuntu/stackposts/stackposts_main/vendor/codeigniter4/framework/system/Database/Postgre/Connection.php(135): pg_query()
#2 /home/ubuntu/stackposts/stackposts_main/vendor/codeigniter4/framework/system/Database/BaseConnection.php(670): CodeIgniter\Database\Postgre\Connection->execute()
#3 /home/ubuntu/stackposts/stackposts_main/vendor/codeigniter4/framework/system/Database/BaseConnection.php(598): CodeIgniter\Database\BaseConnection->simpleQuery()
#4 /home/ubuntu/stackposts/stackposts_main/vendor/codeigniter4/framework/system/Database/BaseBuilder.php(1455): CodeIgniter\Database\BaseConnection->query()
#5 /home/ubuntu/stackposts/stackposts_main/app/Helpers/Common_helper.php(1441): CodeIgniter\Database\BaseBuilder->get()
#6 /home/ubuntu/stackposts/stackposts_main/inc/core/Users/Helpers/Users_helper.php(154): db_get()
#7 /home/ubuntu/stackposts/stackposts_main/inc/core/Plans/Helpers/Plans_helper.php(44): get_team()
#8 /home/ubuntu/stackposts/stackposts_main/inc/core/Appearance/Filters/beforeFilter.php(89): permission()
#9 /home/ubuntu/stackposts/stackposts_main/app/Filters/MainFilter.php(50): include_once('...')
#10 /home/ubuntu/stackposts/stackposts_main/vendor/codeigniter4/framework/system/Filters/Filters.php(173): App\Filters\MainFilter->before()
#11 /home/ubuntu/stackposts/stackposts_main/vendor/codeigniter4/framework/system/CodeIgniter.php(393): CodeIgniter\Filters\Filters->run()
#12 /home/ubuntu/stackposts/stackposts_main/vendor/codeigniter4/framework/system/CodeIgniter.php(326): CodeIgniter\CodeIgniter->handleRequest()
#13 /home/ubuntu/stackposts/stackposts_main/index.php(44): CodeIgniter\CodeIgniter->run()
#14 {main}
CRITICAL - 2024-09-25 15:57:17 --> Call to a member function getRow() on bool
#0 /home/ubuntu/stackposts/stackposts_main/inc/core/Users/Helpers/Users_helper.php(154): db_get()
#1 /home/ubuntu/stackposts/stackposts_main/inc/core/Plans/Helpers/Plans_helper.php(44): get_team()
#2 /home/ubuntu/stackposts/stackposts_main/inc/core/Appearance/Filters/beforeFilter.php(89): permission()
#3 /home/ubuntu/stackposts/stackposts_main/app/Filters/MainFilter.php(50): include_once('...')
#4 /home/ubuntu/stackposts/stackposts_main/vendor/codeigniter4/framework/system/Filters/Filters.php(173): App\Filters\MainFilter->before()
#5 /home/ubuntu/stackposts/stackposts_main/vendor/codeigniter4/framework/system/CodeIgniter.php(393): CodeIgniter\Filters\Filters->run()
#6 /home/ubuntu/stackposts/stackposts_main/vendor/codeigniter4/framework/system/CodeIgniter.php(326): CodeIgniter\CodeIgniter->handleRequest()
#7 /home/ubuntu/stackposts/stackposts_main/index.php(44): CodeIgniter\CodeIgniter->run()
#8 {main}
ERROR - 2024-09-25 16:00:21 --> ErrorException: pg_query(): Query failed: ERROR:  relation &quot;sp_language_category&quot; does not exist
LINE 2: FROM &quot;sp_language_category&quot;
             ^ in /home/ubuntu/stackposts/stackposts_main/vendor/codeigniter4/framework/system/Database/Postgre/Connection.php:135
Stack trace:
#0 [internal function]: CodeIgniter\Debug\Exceptions->errorHandler()
#1 /home/ubuntu/stackposts/stackposts_main/vendor/codeigniter4/framework/system/Database/Postgre/Connection.php(135): pg_query()
#2 /home/ubuntu/stackposts/stackposts_main/vendor/codeigniter4/framework/system/Database/BaseConnection.php(670): CodeIgniter\Database\Postgre\Connection->execute()
#3 /home/ubuntu/stackposts/stackposts_main/vendor/codeigniter4/framework/system/Database/BaseConnection.php(598): CodeIgniter\Database\BaseConnection->simpleQuery()
#4 /home/ubuntu/stackposts/stackposts_main/vendor/codeigniter4/framework/system/Database/BaseBuilder.php(1455): CodeIgniter\Database\BaseConnection->query()
#5 /home/ubuntu/stackposts/stackposts_main/app/Helpers/Common_helper.php(1441): CodeIgniter\Database\BaseBuilder->get()
#6 /home/ubuntu/stackposts/stackposts_main/inc/core/Language/Filters/beforeFilter.php(17): db_get()
#7 /home/ubuntu/stackposts/stackposts_main/app/Filters/MainFilter.php(50): include_once('...')
#8 /home/ubuntu/stackposts/stackposts_main/vendor/codeigniter4/framework/system/Filters/Filters.php(173): App\Filters\MainFilter->before()
#9 /home/ubuntu/stackposts/stackposts_main/vendor/codeigniter4/framework/system/CodeIgniter.php(393): CodeIgniter\Filters\Filters->run()
#10 /home/ubuntu/stackposts/stackposts_main/vendor/codeigniter4/framework/system/CodeIgniter.php(326): CodeIgniter\CodeIgniter->handleRequest()
#11 /home/ubuntu/stackposts/stackposts_main/index.php(44): CodeIgniter\CodeIgniter->run()
#12 {main}
CRITICAL - 2024-09-25 16:00:21 --> Call to a member function getRow() on bool
#0 /home/ubuntu/stackposts/stackposts_main/inc/core/Language/Filters/beforeFilter.php(17): db_get()
#1 /home/ubuntu/stackposts/stackposts_main/app/Filters/MainFilter.php(50): include_once('...')
#2 /home/ubuntu/stackposts/stackposts_main/vendor/codeigniter4/framework/system/Filters/Filters.php(173): App\Filters\MainFilter->before()
#3 /home/ubuntu/stackposts/stackposts_main/vendor/codeigniter4/framework/system/CodeIgniter.php(393): CodeIgniter\Filters\Filters->run()
#4 /home/ubuntu/stackposts/stackposts_main/vendor/codeigniter4/framework/system/CodeIgniter.php(326): CodeIgniter\CodeIgniter->handleRequest()
#5 /home/ubuntu/stackposts/stackposts_main/index.php(44): CodeIgniter\CodeIgniter->run()
#6 {main}
ERROR - 2024-09-25 16:02:08 --> ErrorException: pg_query(): Query failed: ERROR:  relation &quot;sp_language_category&quot; does not exist
LINE 2: FROM &quot;sp_language_category&quot;
             ^ in /home/ubuntu/stackposts/stackposts_main/vendor/codeigniter4/framework/system/Database/Postgre/Connection.php:135
Stack trace:
#0 [internal function]: CodeIgniter\Debug\Exceptions->errorHandler()
#1 /home/ubuntu/stackposts/stackposts_main/vendor/codeigniter4/framework/system/Database/Postgre/Connection.php(135): pg_query()
#2 /home/ubuntu/stackposts/stackposts_main/vendor/codeigniter4/framework/system/Database/BaseConnection.php(670): CodeIgniter\Database\Postgre\Connection->execute()
#3 /home/ubuntu/stackposts/stackposts_main/vendor/codeigniter4/framework/system/Database/BaseConnection.php(598): CodeIgniter\Database\BaseConnection->simpleQuery()
#4 /home/ubuntu/stackposts/stackposts_main/vendor/codeigniter4/framework/system/Database/BaseBuilder.php(1455): CodeIgniter\Database\BaseConnection->query()
#5 /home/ubuntu/stackposts/stackposts_main/app/Helpers/Common_helper.php(1441): CodeIgniter\Database\BaseBuilder->get()
#6 /home/ubuntu/stackposts/stackposts_main/inc/core/Language/Filters/beforeFilter.php(17): db_get()
#7 /home/ubuntu/stackposts/stackposts_main/app/Filters/MainFilter.php(50): include_once('...')
#8 /home/ubuntu/stackposts/stackposts_main/vendor/codeigniter4/framework/system/Filters/Filters.php(173): App\Filters\MainFilter->before()
#9 /home/ubuntu/stackposts/stackposts_main/vendor/codeigniter4/framework/system/CodeIgniter.php(393): CodeIgniter\Filters\Filters->run()
#10 /home/ubuntu/stackposts/stackposts_main/vendor/codeigniter4/framework/system/CodeIgniter.php(326): CodeIgniter\CodeIgniter->handleRequest()
#11 /home/ubuntu/stackposts/stackposts_main/index.php(44): CodeIgniter\CodeIgniter->run()
#12 {main}
CRITICAL - 2024-09-25 16:02:08 --> Call to a member function getRow() on bool
#0 /home/ubuntu/stackposts/stackposts_main/inc/core/Language/Filters/beforeFilter.php(17): db_get()
#1 /home/ubuntu/stackposts/stackposts_main/app/Filters/MainFilter.php(50): include_once('...')
#2 /home/ubuntu/stackposts/stackposts_main/vendor/codeigniter4/framework/system/Filters/Filters.php(173): App\Filters\MainFilter->before()
#3 /home/ubuntu/stackposts/stackposts_main/vendor/codeigniter4/framework/system/CodeIgniter.php(393): CodeIgniter\Filters\Filters->run()
#4 /home/ubuntu/stackposts/stackposts_main/vendor/codeigniter4/framework/system/CodeIgniter.php(326): CodeIgniter\CodeIgniter->handleRequest()
#5 /home/ubuntu/stackposts/stackposts_main/index.php(44): CodeIgniter\CodeIgniter->run()
#6 {main}
ERROR - 2024-09-25 16:04:02 --> ErrorException: pg_query(): Query failed: ERROR:  relation &quot;sp_language_category&quot; does not exist
LINE 2: FROM &quot;sp_language_category&quot;
             ^ in /home/ubuntu/stackposts/stackposts_main/vendor/codeigniter4/framework/system/Database/Postgre/Connection.php:135
Stack trace:
#0 [internal function]: CodeIgniter\Debug\Exceptions->errorHandler()
#1 /home/ubuntu/stackposts/stackposts_main/vendor/codeigniter4/framework/system/Database/Postgre/Connection.php(135): pg_query()
#2 /home/ubuntu/stackposts/stackposts_main/vendor/codeigniter4/framework/system/Database/BaseConnection.php(670): CodeIgniter\Database\Postgre\Connection->execute()
#3 /home/ubuntu/stackposts/stackposts_main/vendor/codeigniter4/framework/system/Database/BaseConnection.php(598): CodeIgniter\Database\BaseConnection->simpleQuery()
#4 /home/ubuntu/stackposts/stackposts_main/vendor/codeigniter4/framework/system/Database/BaseBuilder.php(1455): CodeIgniter\Database\BaseConnection->query()
#5 /home/ubuntu/stackposts/stackposts_main/app/Helpers/Common_helper.php(1441): CodeIgniter\Database\BaseBuilder->get()
#6 /home/ubuntu/stackposts/stackposts_main/inc/core/Language/Filters/beforeFilter.php(17): db_get()
#7 /home/ubuntu/stackposts/stackposts_main/app/Filters/MainFilter.php(50): include_once('...')
#8 /home/ubuntu/stackposts/stackposts_main/vendor/codeigniter4/framework/system/Filters/Filters.php(173): App\Filters\MainFilter->before()
#9 /home/ubuntu/stackposts/stackposts_main/vendor/codeigniter4/framework/system/CodeIgniter.php(393): CodeIgniter\Filters\Filters->run()
#10 /home/ubuntu/stackposts/stackposts_main/vendor/codeigniter4/framework/system/CodeIgniter.php(326): CodeIgniter\CodeIgniter->handleRequest()
#11 /home/ubuntu/stackposts/stackposts_main/index.php(44): CodeIgniter\CodeIgniter->run()
#12 {main}
CRITICAL - 2024-09-25 16:04:02 --> Call to a member function getRow() on bool
#0 /home/ubuntu/stackposts/stackposts_main/inc/core/Language/Filters/beforeFilter.php(17): db_get()
#1 /home/ubuntu/stackposts/stackposts_main/app/Filters/MainFilter.php(50): include_once('...')
#2 /home/ubuntu/stackposts/stackposts_main/vendor/codeigniter4/framework/system/Filters/Filters.php(173): App\Filters\MainFilter->before()
#3 /home/ubuntu/stackposts/stackposts_main/vendor/codeigniter4/framework/system/CodeIgniter.php(393): CodeIgniter\Filters\Filters->run()
#4 /home/ubuntu/stackposts/stackposts_main/vendor/codeigniter4/framework/system/CodeIgniter.php(326): CodeIgniter\CodeIgniter->handleRequest()
#5 /home/ubuntu/stackposts/stackposts_main/index.php(44): CodeIgniter\CodeIgniter->run()
#6 {main}
ERROR - 2024-09-25 16:05:49 --> ErrorException: pg_query(): Query failed: ERROR:  relation &quot;sp_language_category&quot; does not exist
LINE 2: FROM &quot;sp_language_category&quot;
             ^ in /home/ubuntu/stackposts/stackposts_main/vendor/codeigniter4/framework/system/Database/Postgre/Connection.php:135
Stack trace:
#0 [internal function]: CodeIgniter\Debug\Exceptions->errorHandler()
#1 /home/ubuntu/stackposts/stackposts_main/vendor/codeigniter4/framework/system/Database/Postgre/Connection.php(135): pg_query()
#2 /home/ubuntu/stackposts/stackposts_main/vendor/codeigniter4/framework/system/Database/BaseConnection.php(670): CodeIgniter\Database\Postgre\Connection->execute()
#3 /home/ubuntu/stackposts/stackposts_main/vendor/codeigniter4/framework/system/Database/BaseConnection.php(598): CodeIgniter\Database\BaseConnection->simpleQuery()
#4 /home/ubuntu/stackposts/stackposts_main/vendor/codeigniter4/framework/system/Database/BaseBuilder.php(1455): CodeIgniter\Database\BaseConnection->query()
#5 /home/ubuntu/stackposts/stackposts_main/app/Helpers/Common_helper.php(1441): CodeIgniter\Database\BaseBuilder->get()
#6 /home/ubuntu/stackposts/stackposts_main/inc/core/Language/Filters/beforeFilter.php(17): db_get()
#7 /home/ubuntu/stackposts/stackposts_main/app/Filters/MainFilter.php(50): include_once('...')
#8 /home/ubuntu/stackposts/stackposts_main/vendor/codeigniter4/framework/system/Filters/Filters.php(173): App\Filters\MainFilter->before()
#9 /home/ubuntu/stackposts/stackposts_main/vendor/codeigniter4/framework/system/CodeIgniter.php(393): CodeIgniter\Filters\Filters->run()
#10 /home/ubuntu/stackposts/stackposts_main/vendor/codeigniter4/framework/system/CodeIgniter.php(326): CodeIgniter\CodeIgniter->handleRequest()
#11 /home/ubuntu/stackposts/stackposts_main/index.php(44): CodeIgniter\CodeIgniter->run()
#12 {main}
CRITICAL - 2024-09-25 16:05:49 --> Call to a member function getRow() on bool
#0 /home/ubuntu/stackposts/stackposts_main/inc/core/Language/Filters/beforeFilter.php(17): db_get()
#1 /home/ubuntu/stackposts/stackposts_main/app/Filters/MainFilter.php(50): include_once('...')
#2 /home/ubuntu/stackposts/stackposts_main/vendor/codeigniter4/framework/system/Filters/Filters.php(173): App\Filters\MainFilter->before()
#3 /home/ubuntu/stackposts/stackposts_main/vendor/codeigniter4/framework/system/CodeIgniter.php(393): CodeIgniter\Filters\Filters->run()
#4 /home/ubuntu/stackposts/stackposts_main/vendor/codeigniter4/framework/system/CodeIgniter.php(326): CodeIgniter\CodeIgniter->handleRequest()
#5 /home/ubuntu/stackposts/stackposts_main/index.php(44): CodeIgniter\CodeIgniter->run()
#6 {main}
ERROR - 2024-09-25 16:07:34 --> ErrorException: pg_query(): Query failed: ERROR:  relation &quot;sp_language_category&quot; does not exist
LINE 2: FROM &quot;sp_language_category&quot;
             ^ in /home/ubuntu/stackposts/stackposts_main/vendor/codeigniter4/framework/system/Database/Postgre/Connection.php:135
Stack trace:
#0 [internal function]: CodeIgniter\Debug\Exceptions->errorHandler()
#1 /home/ubuntu/stackposts/stackposts_main/vendor/codeigniter4/framework/system/Database/Postgre/Connection.php(135): pg_query()
#2 /home/ubuntu/stackposts/stackposts_main/vendor/codeigniter4/framework/system/Database/BaseConnection.php(670): CodeIgniter\Database\Postgre\Connection->execute()
#3 /home/ubuntu/stackposts/stackposts_main/vendor/codeigniter4/framework/system/Database/BaseConnection.php(598): CodeIgniter\Database\BaseConnection->simpleQuery()
#4 /home/ubuntu/stackposts/stackposts_main/vendor/codeigniter4/framework/system/Database/BaseBuilder.php(1455): CodeIgniter\Database\BaseConnection->query()
#5 /home/ubuntu/stackposts/stackposts_main/app/Helpers/Common_helper.php(1441): CodeIgniter\Database\BaseBuilder->get()
#6 /home/ubuntu/stackposts/stackposts_main/inc/core/Language/Filters/beforeFilter.php(17): db_get()
#7 /home/ubuntu/stackposts/stackposts_main/app/Filters/MainFilter.php(50): include_once('...')
#8 /home/ubuntu/stackposts/stackposts_main/vendor/codeigniter4/framework/system/Filters/Filters.php(173): App\Filters\MainFilter->before()
#9 /home/ubuntu/stackposts/stackposts_main/vendor/codeigniter4/framework/system/CodeIgniter.php(393): CodeIgniter\Filters\Filters->run()
#10 /home/ubuntu/stackposts/stackposts_main/vendor/codeigniter4/framework/system/CodeIgniter.php(326): CodeIgniter\CodeIgniter->handleRequest()
#11 /home/ubuntu/stackposts/stackposts_main/index.php(44): CodeIgniter\CodeIgniter->run()
#12 {main}
CRITICAL - 2024-09-25 16:07:34 --> Call to a member function getRow() on bool
#0 /home/ubuntu/stackposts/stackposts_main/inc/core/Language/Filters/beforeFilter.php(17): db_get()
#1 /home/ubuntu/stackposts/stackposts_main/app/Filters/MainFilter.php(50): include_once('...')
#2 /home/ubuntu/stackposts/stackposts_main/vendor/codeigniter4/framework/system/Filters/Filters.php(173): App\Filters\MainFilter->before()
#3 /home/ubuntu/stackposts/stackposts_main/vendor/codeigniter4/framework/system/CodeIgniter.php(393): CodeIgniter\Filters\Filters->run()
#4 /home/ubuntu/stackposts/stackposts_main/vendor/codeigniter4/framework/system/CodeIgniter.php(326): CodeIgniter\CodeIgniter->handleRequest()
#5 /home/ubuntu/stackposts/stackposts_main/index.php(44): CodeIgniter\CodeIgniter->run()
#6 {main}
ERROR - 2024-09-25 16:09:33 --> ErrorException: pg_query(): Query failed: ERROR:  relation &quot;sp_language_category&quot; does not exist
LINE 2: FROM &quot;sp_language_category&quot;
             ^ in /home/ubuntu/stackposts/stackposts_main/vendor/codeigniter4/framework/system/Database/Postgre/Connection.php:135
Stack trace:
#0 [internal function]: CodeIgniter\Debug\Exceptions->errorHandler()
#1 /home/ubuntu/stackposts/stackposts_main/vendor/codeigniter4/framework/system/Database/Postgre/Connection.php(135): pg_query()
#2 /home/ubuntu/stackposts/stackposts_main/vendor/codeigniter4/framework/system/Database/BaseConnection.php(670): CodeIgniter\Database\Postgre\Connection->execute()
#3 /home/ubuntu/stackposts/stackposts_main/vendor/codeigniter4/framework/system/Database/BaseConnection.php(598): CodeIgniter\Database\BaseConnection->simpleQuery()
#4 /home/ubuntu/stackposts/stackposts_main/vendor/codeigniter4/framework/system/Database/BaseBuilder.php(1455): CodeIgniter\Database\BaseConnection->query()
#5 /home/ubuntu/stackposts/stackposts_main/app/Helpers/Common_helper.php(1441): CodeIgniter\Database\BaseBuilder->get()
#6 /home/ubuntu/stackposts/stackposts_main/inc/core/Language/Filters/beforeFilter.php(17): db_get()
#7 /home/ubuntu/stackposts/stackposts_main/app/Filters/MainFilter.php(50): include_once('...')
#8 /home/ubuntu/stackposts/stackposts_main/vendor/codeigniter4/framework/system/Filters/Filters.php(173): App\Filters\MainFilter->before()
#9 /home/ubuntu/stackposts/stackposts_main/vendor/codeigniter4/framework/system/CodeIgniter.php(393): CodeIgniter\Filters\Filters->run()
#10 /home/ubuntu/stackposts/stackposts_main/vendor/codeigniter4/framework/system/CodeIgniter.php(326): CodeIgniter\CodeIgniter->handleRequest()
#11 /home/ubuntu/stackposts/stackposts_main/index.php(44): CodeIgniter\CodeIgniter->run()
#12 {main}
CRITICAL - 2024-09-25 16:09:33 --> Call to a member function getRow() on bool
#0 /home/ubuntu/stackposts/stackposts_main/inc/core/Language/Filters/beforeFilter.php(17): db_get()
#1 /home/ubuntu/stackposts/stackposts_main/app/Filters/MainFilter.php(50): include_once('...')
#2 /home/ubuntu/stackposts/stackposts_main/vendor/codeigniter4/framework/system/Filters/Filters.php(173): App\Filters\MainFilter->before()
#3 /home/ubuntu/stackposts/stackposts_main/vendor/codeigniter4/framework/system/CodeIgniter.php(393): CodeIgniter\Filters\Filters->run()
#4 /home/ubuntu/stackposts/stackposts_main/vendor/codeigniter4/framework/system/CodeIgniter.php(326): CodeIgniter\CodeIgniter->handleRequest()
#5 /home/ubuntu/stackposts/stackposts_main/index.php(44): CodeIgniter\CodeIgniter->run()
#6 {main}
ERROR - 2024-09-25 16:11:04 --> ErrorException: pg_query(): Query failed: ERROR:  relation &quot;sp_language_category&quot; does not exist
LINE 2: FROM &quot;sp_language_category&quot;
             ^ in /home/ubuntu/stackposts/stackposts_main/vendor/codeigniter4/framework/system/Database/Postgre/Connection.php:135
Stack trace:
#0 [internal function]: CodeIgniter\Debug\Exceptions->errorHandler()
#1 /home/ubuntu/stackposts/stackposts_main/vendor/codeigniter4/framework/system/Database/Postgre/Connection.php(135): pg_query()
#2 /home/ubuntu/stackposts/stackposts_main/vendor/codeigniter4/framework/system/Database/BaseConnection.php(670): CodeIgniter\Database\Postgre\Connection->execute()
#3 /home/ubuntu/stackposts/stackposts_main/vendor/codeigniter4/framework/system/Database/BaseConnection.php(598): CodeIgniter\Database\BaseConnection->simpleQuery()
#4 /home/ubuntu/stackposts/stackposts_main/vendor/codeigniter4/framework/system/Database/BaseBuilder.php(1455): CodeIgniter\Database\BaseConnection->query()
#5 /home/ubuntu/stackposts/stackposts_main/app/Helpers/Common_helper.php(1441): CodeIgniter\Database\BaseBuilder->get()
#6 /home/ubuntu/stackposts/stackposts_main/inc/core/Language/Filters/beforeFilter.php(17): db_get()
#7 /home/ubuntu/stackposts/stackposts_main/app/Filters/MainFilter.php(50): include_once('...')
#8 /home/ubuntu/stackposts/stackposts_main/vendor/codeigniter4/framework/system/Filters/Filters.php(173): App\Filters\MainFilter->before()
#9 /home/ubuntu/stackposts/stackposts_main/vendor/codeigniter4/framework/system/CodeIgniter.php(393): CodeIgniter\Filters\Filters->run()
#10 /home/ubuntu/stackposts/stackposts_main/vendor/codeigniter4/framework/system/CodeIgniter.php(326): CodeIgniter\CodeIgniter->handleRequest()
#11 /home/ubuntu/stackposts/stackposts_main/index.php(44): CodeIgniter\CodeIgniter->run()
#12 {main}
CRITICAL - 2024-09-25 16:11:04 --> Call to a member function getRow() on bool
#0 /home/ubuntu/stackposts/stackposts_main/inc/core/Language/Filters/beforeFilter.php(17): db_get()
#1 /home/ubuntu/stackposts/stackposts_main/app/Filters/MainFilter.php(50): include_once('...')
#2 /home/ubuntu/stackposts/stackposts_main/vendor/codeigniter4/framework/system/Filters/Filters.php(173): App\Filters\MainFilter->before()
#3 /home/ubuntu/stackposts/stackposts_main/vendor/codeigniter4/framework/system/CodeIgniter.php(393): CodeIgniter\Filters\Filters->run()
#4 /home/ubuntu/stackposts/stackposts_main/vendor/codeigniter4/framework/system/CodeIgniter.php(326): CodeIgniter\CodeIgniter->handleRequest()
#5 /home/ubuntu/stackposts/stackposts_main/index.php(44): CodeIgniter\CodeIgniter->run()
#6 {main}
ERROR - 2024-09-25 16:14:59 --> ErrorException: pg_query(): Query failed: ERROR:  relation &quot;sp_language_category&quot; does not exist
LINE 2: FROM &quot;sp_language_category&quot;
             ^ in /home/ubuntu/stackposts/stackposts_main/vendor/codeigniter4/framework/system/Database/Postgre/Connection.php:135
Stack trace:
#0 [internal function]: CodeIgniter\Debug\Exceptions->errorHandler()
#1 /home/ubuntu/stackposts/stackposts_main/vendor/codeigniter4/framework/system/Database/Postgre/Connection.php(135): pg_query()
#2 /home/ubuntu/stackposts/stackposts_main/vendor/codeigniter4/framework/system/Database/BaseConnection.php(670): CodeIgniter\Database\Postgre\Connection->execute()
#3 /home/ubuntu/stackposts/stackposts_main/vendor/codeigniter4/framework/system/Database/BaseConnection.php(598): CodeIgniter\Database\BaseConnection->simpleQuery()
#4 /home/ubuntu/stackposts/stackposts_main/vendor/codeigniter4/framework/system/Database/BaseBuilder.php(1455): CodeIgniter\Database\BaseConnection->query()
#5 /home/ubuntu/stackposts/stackposts_main/app/Helpers/Common_helper.php(1441): CodeIgniter\Database\BaseBuilder->get()
#6 /home/ubuntu/stackposts/stackposts_main/inc/core/Language/Filters/beforeFilter.php(17): db_get()
#7 /home/ubuntu/stackposts/stackposts_main/app/Filters/MainFilter.php(50): include_once('...')
#8 /home/ubuntu/stackposts/stackposts_main/vendor/codeigniter4/framework/system/Filters/Filters.php(173): App\Filters\MainFilter->before()
#9 /home/ubuntu/stackposts/stackposts_main/vendor/codeigniter4/framework/system/CodeIgniter.php(393): CodeIgniter\Filters\Filters->run()
#10 /home/ubuntu/stackposts/stackposts_main/vendor/codeigniter4/framework/system/CodeIgniter.php(326): CodeIgniter\CodeIgniter->handleRequest()
#11 /home/ubuntu/stackposts/stackposts_main/index.php(44): CodeIgniter\CodeIgniter->run()
#12 {main}
CRITICAL - 2024-09-25 16:14:59 --> Call to a member function getRow() on bool
#0 /home/ubuntu/stackposts/stackposts_main/inc/core/Language/Filters/beforeFilter.php(17): db_get()
#1 /home/ubuntu/stackposts/stackposts_main/app/Filters/MainFilter.php(50): include_once('...')
#2 /home/ubuntu/stackposts/stackposts_main/vendor/codeigniter4/framework/system/Filters/Filters.php(173): App\Filters\MainFilter->before()
#3 /home/ubuntu/stackposts/stackposts_main/vendor/codeigniter4/framework/system/CodeIgniter.php(393): CodeIgniter\Filters\Filters->run()
#4 /home/ubuntu/stackposts/stackposts_main/vendor/codeigniter4/framework/system/CodeIgniter.php(326): CodeIgniter\CodeIgniter->handleRequest()
#5 /home/ubuntu/stackposts/stackposts_main/index.php(44): CodeIgniter\CodeIgniter->run()
#6 {main}
